<?xml version="1.0" encoding="UTF-8"?>
<!-- Generated by org.testng.reporters.JUnitReportReporter -->
<testsuite hostname="LAPTOP-N856A6RP" failures="0" tests="1" name="testsetup.Filters" time="0.486" errors="1" timestamp="2022-11-09T17:06:57 IST" skipped="0">
  <testcase classname="testsetup.Filters" name="single_query" time="0.486">
    <error message="URI is not a valid LogDetail for a response." type="java.lang.IllegalArgumentException">
      <![CDATA[java.lang.IllegalArgumentException: URI is not a valid LogDetail for a response.
at io.restassured.filter.log.StatusCodeBasedLoggingFilter.<init>(StatusCodeBasedLoggingFilter.java:102)
at io.restassured.filter.log.StatusCodeBasedLoggingFilter.<init>(StatusCodeBasedLoggingFilter.java:84)
at io.restassured.filter.log.StatusCodeBasedLoggingFilter.<init>(StatusCodeBasedLoggingFilter.java:72)
at io.restassured.filter.log.ResponseLoggingFilter.<init>(ResponseLoggingFilter.java:137)
at io.restassured.filter.log.ResponseLoggingFilter.<init>(ResponseLoggingFilter.java:83)
at testsetup.Filters.single_query(Filters.java:30)
at java.base/jdk.internal.reflect.NativeMethodAccessorImpl.invoke0(Native Method)
at java.base/jdk.internal.reflect.NativeMethodAccessorImpl.invoke(NativeMethodAccessorImpl.java:77)
at java.base/jdk.internal.reflect.DelegatingMethodAccessorImpl.invoke(DelegatingMethodAccessorImpl.java:43)
at java.base/java.lang.reflect.Method.invoke(Method.java:568)
at org.testng.internal.MethodInvocationHelper.invokeMethod(MethodInvocationHelper.java:134)
at org.testng.internal.TestInvoker.invokeMethod(TestInvoker.java:597)
at org.testng.internal.TestInvoker.invokeTestMethod(TestInvoker.java:173)
at org.testng.internal.MethodRunner.runInSequence(MethodRunner.java:46)
at org.testng.internal.TestInvoker$MethodInvocationAgent.invoke(TestInvoker.java:816)
at org.testng.internal.TestInvoker.invokeTestMethods(TestInvoker.java:146)
at org.testng.internal.TestMethodWorker.invokeTestMethods(TestMethodWorker.java:146)
at org.testng.internal.TestMethodWorker.run(TestMethodWorker.java:128)
at java.base/java.util.ArrayList.forEach(ArrayList.java:1511)
at org.testng.TestRunner.privateRun(TestRunner.java:766)
at org.testng.TestRunner.run(TestRunner.java:587)
at org.testng.SuiteRunner.runTest(SuiteRunner.java:384)
at org.testng.SuiteRunner.runSequentially(SuiteRunner.java:378)
at org.testng.SuiteRunner.privateRun(SuiteRunner.java:337)
at org.testng.SuiteRunner.run(SuiteRunner.java:286)
at org.testng.SuiteRunnerWorker.runSuite(SuiteRunnerWorker.java:53)
at org.testng.SuiteRunnerWorker.run(SuiteRunnerWorker.java:96)
at org.testng.TestNG.runSuitesSequentially(TestNG.java:1187)
at org.testng.TestNG.runSuitesLocally(TestNG.java:1109)
at org.testng.TestNG.runSuites(TestNG.java:1039)
at org.testng.TestNG.run(TestNG.java:1007)
at org.testng.remote.AbstractRemoteTestNG.run(AbstractRemoteTestNG.java:115)
at org.testng.remote.RemoteTestNG.initAndRun(RemoteTestNG.java:251)
at org.testng.remote.RemoteTestNG.main(RemoteTestNG.java:77)
]]>
    </error>
  </testcase> <!-- single_query -->
  <system-out/>
</testsuite> <!-- testsetup.Filters -->
